Script info:
select sys_context('USERENV','MODULE') from dual
*
ERROR at line 1:
ORA-01034: ORACLE not available 
Process ID: 0 
Session ID: 0 Serial number: 0 


C:\_programs\oradata\ORCL\tablespaces\\DIMA_IND.dbf was created
USER DIMA WAS CREATED
@install/privilege_schema DIMA
ALTER USER "DIMA"
*
ERROR at line 1:
ORA-01034: ORACLE not available 
Process ID: 0 
Session ID: 0 Serial number: 0 


GRANT CREATE ANY DIRECTORY TO "DIMA" WITH ADMIN OPTION
*
ERROR at line 1:
ORA-01034: ORACLE not available 
Process ID: 0 
Session ID: 0 Serial number: 0 


GRANT BECOME USER TO "DIMA" WITH ADMIN OPTION
*
ERROR at line 1:
ORA-01034: ORACLE not available 
Process ID: 0 
Session ID: 0 Serial number: 0 


GRANT SELECT ANY TABLE TO "DIMA" WITH ADMIN OPTION
*
ERROR at line 1:
ORA-01034: ORACLE not available 
Process ID: 0 
Session ID: 0 Serial number: 0 


GRANT SELECT ANY TRANSACTION TO "DIMA" WITH ADMIN OPTION
*
ERROR at line 1:
ORA-01034: ORACLE not available 
Process ID: 0 
Session ID: 0 Serial number: 0 


GRANT CREATE ANY TRIGGER TO "DIMA" WITH ADMIN OPTION
*
ERROR at line 1:
ORA-01034: ORACLE not available 
Process ID: 0 
Session ID: 0 Serial number: 0 


GRANT ALTER ANY INDEX TO "DIMA" WITH ADMIN OPTION
*
ERROR at line 1:
ORA-01034: ORACLE not available 
Process ID: 0 
Session ID: 0 Serial number: 0 


GRANT ALTER ANY TABLE TO "DIMA" WITH ADMIN OPTION
*
ERROR at line 1:
ORA-01034: ORACLE not available 
Process ID: 0 
Session ID: 0 Serial number: 0 


